<?xml version="1.0" encoding="UTF-8"?>
<testng-results ignored="0" total="7" passed="6" failed="1" skipped="0">
  <reporter-output>
  </reporter-output>
  <suite started-at="2025-05-17T14:26:51 IST" name="Cucumber Test Suite" finished-at="2025-05-17T14:26:56 IST" duration-ms="4627">
    <groups>
      <group name="cucumber">
        <method signature="AbstractTestNGCucumberTests.runScenario(io.cucumber.testng.PickleWrapper,io.cucumber.testng.FeatureWrapper)[pri:0, instance:com.example.api.RunCucumberTestNG@2b6faea6]" name="runScenario" class="io.cucumber.testng.AbstractTestNGCucumberTests"/>
      </group> <!-- cucumber -->
    </groups>
    <test started-at="2025-05-17T14:26:51 IST" name="Cucumber Tests" finished-at="2025-05-17T14:26:56 IST" duration-ms="4627">
      <class name="com.example.api.RunCucumberTestNG">
        <test-method is-config="true" signature="setUpClass(org.testng.ITestContext)[pri:0, instance:com.example.api.RunCucumberTestNG@2b6faea6]" started-at="2025-05-17T14:26:51 IST" name="setUpClass" finished-at="2025-05-17T14:26:52 IST" duration-ms="674" status="PASS">
          <params>
            <param index="0">
              <value>
                <![CDATA[org.testng.TestRunner@23564dd2]]>
              </value>
            </param>
          </params>
          <reporter-output>
          </reporter-output>
        </test-method> <!-- setUpClass -->
        <test-method signature="runScenario(io.cucumber.testng.PickleWrapper,io.cucumber.testng.FeatureWrapper)[pri:0, instance:com.example.api.RunCucumberTestNG@2b6faea6]" started-at="2025-05-17T14:26:52 IST" name="runScenario" description="Runs Cucumber Scenarios" data-provider="scenarios" finished-at="2025-05-17T14:26:55 IST" duration-ms="3029" status="PASS">
          <params>
            <param index="0">
              <value>
                <![CDATA["Get all menu items"]]>
              </value>
            </param>
            <param index="1">
              <value>
                <![CDATA["Inventory API"]]>
              </value>
            </param>
          </params>
          <reporter-output>
          </reporter-output>
        </test-method> <!-- runScenario -->
        <test-method signature="runScenario(io.cucumber.testng.PickleWrapper,io.cucumber.testng.FeatureWrapper)[pri:0, instance:com.example.api.RunCucumberTestNG@2b6faea6]" started-at="2025-05-17T14:26:55 IST" name="runScenario" description="Runs Cucumber Scenarios" data-provider="scenarios" finished-at="2025-05-17T14:26:56 IST" duration-ms="443" status="PASS">
          <params>
            <param index="0">
              <value>
                <![CDATA["Add item for non existent id"]]>
              </value>
            </param>
            <param index="1">
              <value>
                <![CDATA["Inventory API"]]>
              </value>
            </param>
          </params>
          <reporter-output>
          </reporter-output>
        </test-method> <!-- runScenario -->
        <test-method signature="runScenario(io.cucumber.testng.PickleWrapper,io.cucumber.testng.FeatureWrapper)[pri:0, instance:com.example.api.RunCucumberTestNG@2b6faea6]" started-at="2025-05-17T14:26:56 IST" name="runScenario" description="Runs Cucumber Scenarios" data-provider="scenarios" finished-at="2025-05-17T14:26:56 IST" duration-ms="51" status="PASS">
          <params>
            <param index="0">
              <value>
                <![CDATA["Add item for existent id"]]>
              </value>
            </param>
            <param index="1">
              <value>
                <![CDATA["Inventory API"]]>
              </value>
            </param>
          </params>
          <reporter-output>
          </reporter-output>
        </test-method> <!-- runScenario -->
        <test-method signature="runScenario(io.cucumber.testng.PickleWrapper,io.cucumber.testng.FeatureWrapper)[pri:0, instance:com.example.api.RunCucumberTestNG@2b6faea6]" started-at="2025-05-17T14:26:56 IST" name="runScenario" description="Runs Cucumber Scenarios" data-provider="scenarios" finished-at="2025-05-17T14:26:56 IST" duration-ms="44" status="PASS">
          <params>
            <param index="0">
              <value>
                <![CDATA["Try to add item with missing information"]]>
              </value>
            </param>
            <param index="1">
              <value>
                <![CDATA["Inventory API"]]>
              </value>
            </param>
          </params>
          <reporter-output>
          </reporter-output>
        </test-method> <!-- runScenario -->
        <test-method signature="runScenario(io.cucumber.testng.PickleWrapper,io.cucumber.testng.FeatureWrapper)[pri:0, instance:com.example.api.RunCucumberTestNG@2b6faea6]" started-at="2025-05-17T14:26:56 IST" name="runScenario" description="Runs Cucumber Scenarios" data-provider="scenarios" finished-at="2025-05-17T14:26:56 IST" duration-ms="83" status="PASS">
          <params>
            <param index="0">
              <value>
                <![CDATA["Validate recent added item is present in the inventory"]]>
              </value>
            </param>
            <param index="1">
              <value>
                <![CDATA["Inventory API"]]>
              </value>
            </param>
          </params>
          <reporter-output>
          </reporter-output>
        </test-method> <!-- runScenario -->
        <test-method signature="runScenario(io.cucumber.testng.PickleWrapper,io.cucumber.testng.FeatureWrapper)[pri:0, instance:com.example.api.RunCucumberTestNG@2b6faea6]" started-at="2025-05-17T14:26:56 IST" name="runScenario" description="Runs Cucumber Scenarios" data-provider="scenarios" finished-at="2025-05-17T14:26:56 IST" duration-ms="43" status="FAIL">
          <params>
            <param index="0">
              <value>
                <![CDATA["Negative - Get inventory with invalid endpoint"]]>
              </value>
            </param>
            <param index="1">
              <value>
                <![CDATA["Inventory API"]]>
              </value>
            </param>
          </params>
          <exception class="java.lang.AssertionError">
            <message>
              <![CDATA[expected:<404> but was:<400>]]>
            </message>
            <full-stacktrace>
              <![CDATA[java.lang.AssertionError: expected:<404> but was:<400>
at org.junit.Assert.fail(Assert.java:89)
at org.junit.Assert.failNotEquals(Assert.java:835)
at org.junit.Assert.assertEquals(Assert.java:647)
at org.junit.Assert.assertEquals(Assert.java:633)
at com.example.api.InventoryStepDefs.the_response_status_code_should_be(InventoryStepDefs.java:33)
at ✽.the response status code should be 404(file:///Users/rakeshkumarbarik/Downloads/home-test-api/restassured-bdd/src/test/resources/features/inventory.feature:43)
]]>
            </full-stacktrace>
          </exception> <!-- java.lang.AssertionError -->
          <reporter-output>
          </reporter-output>
        </test-method> <!-- runScenario -->
        <test-method signature="runScenario(io.cucumber.testng.PickleWrapper,io.cucumber.testng.FeatureWrapper)[pri:0, instance:com.example.api.RunCucumberTestNG@2b6faea6]" started-at="2025-05-17T14:26:56 IST" name="runScenario" description="Runs Cucumber Scenarios" data-provider="scenarios" finished-at="2025-05-17T14:26:56 IST" duration-ms="45" status="PASS">
          <params>
            <param index="0">
              <value>
                <![CDATA["Negative - Add item with missing all fields"]]>
              </value>
            </param>
            <param index="1">
              <value>
                <![CDATA["Inventory API"]]>
              </value>
            </param>
          </params>
          <reporter-output>
          </reporter-output>
        </test-method> <!-- runScenario -->
        <test-method is-config="true" signature="tearDownClass()[pri:0, instance:com.example.api.RunCucumberTestNG@2b6faea6]" started-at="2025-05-17T14:26:56 IST" name="tearDownClass" finished-at="2025-05-17T14:26:56 IST" duration-ms="139" status="PASS">
          <reporter-output>
          </reporter-output>
        </test-method> <!-- tearDownClass -->
      </class> <!-- com.example.api.RunCucumberTestNG -->
    </test> <!-- Cucumber Tests -->
  </suite> <!-- Cucumber Test Suite -->
</testng-results>
