<?xml version="1.0" encoding="UTF-8"?>
<testsuite xmlns:xsi="http://www.w3.org/2001/XMLSchema-instance" xsi:noNamespaceSchemaLocation="https://maven.apache.org/surefire/maven-surefire-plugin/xsd/surefire-test-report-3.0.xsd" version="3.0" name="TestSuite" time="5.432" tests="7" errors="0" skipped="0" failures="1">
  <properties>
[...]
</properties>
  <testcase name="runScenario[&quot;Get all menu items&quot;, &quot;Inventory API&quot;](1)" classname="com.example.api.RunCucumberTestNG" time="3.036">
    <system-out><![CDATA[
Scenario: Get all menu items                                      # src/test/resources/features/inventory.feature:6
  When I send a GET request to "/api/inventory"                   # com.example.api.InventoryStepDefs.i_send_a_get_request_to(java.lang.String)
  Then the response status code should be 200                     # com.example.api.InventoryStepDefs.the_response_status_code_should_be(java.lang.Integer)
DEBUG: {"data":[{"id":"1","name":"Classic Muzzarella","image":"classic.png","price":"$8"},{"id":"2","name":"Crispy Bacon","image":"bacon.png","price":"$9"},{"id":"3","name":"Baked Rolls x 8","image":"roll.png","price":"$10"},{"id":"4","name":"Garlic Mix","image":"garlicmix.png","price":"$9"},{"id":"5","name":"Margarita","image":"margarita.png","price":"$9"},{"id":"6","name":"Veggie","image":"veggie.png","price":"$8"},{"id":"7","name":"Super Pepperoni","image":"extrapeperoni.png","price":"$10"},{"id":"8","name":"Evergreen Cream","image":"evergreen.png","price":"$9"},{"id":"9","name":"Muzzarella BBQ","image":"bbqcheese.png","price":"$9"}]}
  And the response should contain at least 9 items                # com.example.api.InventoryStepDefs.the_response_should_contain_at_least_items(java.lang.Integer)
DEBUG: {"data":[{"id":"1","name":"Classic Muzzarella","image":"classic.png","price":"$8"},{"id":"2","name":"Crispy Bacon","image":"bacon.png","price":"$9"},{"id":"3","name":"Baked Rolls x 8","image":"roll.png","price":"$10"},{"id":"4","name":"Garlic Mix","image":"garlicmix.png","price":"$9"},{"id":"5","name":"Margarita","image":"margarita.png","price":"$9"},{"id":"6","name":"Veggie","image":"veggie.png","price":"$8"},{"id":"7","name":"Super Pepperoni","image":"extrapeperoni.png","price":"$10"},{"id":"8","name":"Evergreen Cream","image":"evergreen.png","price":"$9"},{"id":"9","name":"Muzzarella BBQ","image":"bbqcheese.png","price":"$9"}]}
  And each item should have fields "id", "name", "price", "image" # com.example.api.InventoryStepDefs.each_item_should_have_fields(java.lang.String,java.lang.String,java.lang.String,java.lang.String)
]]></system-out>
    <system-err><![CDATA[SLF4J: Failed to load class "org.slf4j.impl.StaticLoggerBinder".
SLF4J: Defaulting to no-operation (NOP) logger implementation
SLF4J: See http://www.slf4j.org/codes.html#StaticLoggerBinder for further details.
]]></system-err>
  </testcase>
  <testcase name="runScenario[&quot;Add item for non existent id&quot;, &quot;Inventory API&quot;](2)" classname="com.example.api.RunCucumberTestNG" time="0.442">
    <system-out><![CDATA[
Scenario: Add item for non existent id                         # src/test/resources/features/inventory.feature:17
  When I send a POST request to "/api/inventory/add" with body # com.example.api.InventoryStepDefs.i_send_a_post_request_to_with_body(java.lang.String,io.cucumber.datatable.DataTable)
    | id | name     | image        | price |
    | 10 | Hawaiian | hawaiian.png | $14   |
  Then the response status code should be 200                  # com.example.api.InventoryStepDefs.the_response_status_code_should_be(java.lang.Integer)
]]></system-out>
  </testcase>
  <testcase name="runScenario[&quot;Add item for existent id&quot;, &quot;Inventory API&quot;](3)" classname="com.example.api.RunCucumberTestNG" time="0.052">
    <system-out><![CDATA[
Scenario: Add item for existent id                             # src/test/resources/features/inventory.feature:23
  When I send a POST request to "/api/inventory/add" with body # com.example.api.InventoryStepDefs.i_send_a_post_request_to_with_body(java.lang.String,io.cucumber.datatable.DataTable)
    | id | name     | image        | price |
    | 10 | Hawaiian | hawaiian.png | $14   |
  Then the response status code should be 400                  # com.example.api.InventoryStepDefs.the_response_status_code_should_be(java.lang.Integer)
]]></system-out>
  </testcase>
  <testcase name="runScenario[&quot;Try to add item with missing information&quot;, &quot;Inventory API&quot;](4)" classname="com.example.api.RunCucumberTestNG" time="0.046">
    <system-out><![CDATA[
Scenario: Try to add item with missing information                           # src/test/resources/features/inventory.feature:29
  When I send a POST request to "/api/inventory/add" with body               # com.example.api.InventoryStepDefs.i_send_a_post_request_to_with_body(java.lang.String,io.cucumber.datatable.DataTable)
    | name     | image        | price |
    | Hawaiian | hawaiian.png | $14   |
  Then the response status code should be 400                                # com.example.api.InventoryStepDefs.the_response_status_code_should_be(java.lang.Integer)
  And the response should contain the message "Not all requirements are met" # com.example.api.InventoryStepDefs.the_response_should_contain_the_message(java.lang.String)
]]></system-out>
  </testcase>
  <testcase name="runScenario[&quot;Validate recent added item is present in the inventory&quot;, &quot;Inventory API&quot;](5)" classname="com.example.api.RunCucumberTestNG" time="0.082">
    <system-out><![CDATA[
Scenario: Validate recent added item is present in the inventory                                               # src/test/resources/features/inventory.feature:36
  When I send a GET request to "/api/inventory"                                                                # com.example.api.InventoryStepDefs.i_send_a_get_request_to(java.lang.String)
  Then the response status code should be 200                                                                  # com.example.api.InventoryStepDefs.the_response_status_code_should_be(java.lang.Integer)
DEBUG: {"data":[{"id":"1","name":"Classic Muzzarella","image":"classic.png","price":"$8"},{"id":"2","name":"Crispy Bacon","image":"bacon.png","price":"$9"},{"id":"3","name":"Baked Rolls x 8","image":"roll.png","price":"$10"},{"id":"4","name":"Garlic Mix","image":"garlicmix.png","price":"$9"},{"id":"5","name":"Margarita","image":"margarita.png","price":"$9"},{"id":"6","name":"Veggie","image":"veggie.png","price":"$8"},{"id":"7","name":"Super Pepperoni","image":"extrapeperoni.png","price":"$10"},{"id":"8","name":"Evergreen Cream","image":"evergreen.png","price":"$9"},{"id":"9","name":"Muzzarella BBQ","image":"bbqcheese.png","price":"$9"},{"id":"10","name":"Hawaiian","image":"hawaiian.png","price":"$14"}]}
  And the response should contain an item with id "10", name "Hawaiian", price "$14", and image "hawaiian.png" # com.example.api.InventoryStepDefs.the_response_should_contain_an_item_with_id_name_price_and_image(java.lang.String,java.lang.String,java.lang.String,java.lang.String)
]]></system-out>
  </testcase>
  <testcase name="runScenario[&quot;Negative - Get inventory with invalid endpoint&quot;, &quot;Inventory API&quot;](6)" classname="com.example.api.RunCucumberTestNG" time="0.054">
    <failure message="expected:&lt;404&gt; but was:&lt;400&gt;" type="java.lang.AssertionError"><![CDATA[java.lang.AssertionError: expected:<404> but was:<400>
	at org.junit.Assert.fail(Assert.java:89)
	at org.junit.Assert.failNotEquals(Assert.java:835)
	at org.junit.Assert.assertEquals(Assert.java:647)
	at org.junit.Assert.assertEquals(Assert.java:633)
	at com.example.api.InventoryStepDefs.the_response_status_code_should_be(InventoryStepDefs.java:33)
	at ✽.the response status code should be 404(file:///Users/rakeshkumarbarik/Downloads/home-test-api/restassured-bdd/src/test/resources/features/inventory.feature:43)
]]></failure>
    <system-out><![CDATA[
Scenario: Negative - Get inventory with invalid endpoint  # src/test/resources/features/inventory.feature:41
  When I send a GET request to "/api/inventory/invalid"   # com.example.api.InventoryStepDefs.i_send_a_get_request_to(java.lang.String)
  Then the response status code should be 404             # com.example.api.InventoryStepDefs.the_response_status_code_should_be(java.lang.Integer)
      java.lang.AssertionError: expected:<404> but was:<400>
	at org.junit.Assert.fail(Assert.java:89)
	at org.junit.Assert.failNotEquals(Assert.java:835)
	at org.junit.Assert.assertEquals(Assert.java:647)
	at org.junit.Assert.assertEquals(Assert.java:633)
	at com.example.api.InventoryStepDefs.the_response_status_code_should_be(InventoryStepDefs.java:33)
	at ✽.the response status code should be 404(file:///Users/rakeshkumarbarik/Downloads/home-test-api/restassured-bdd/src/test/resources/features/inventory.feature:43)

  And the response should contain the message "Not Found" # com.example.api.InventoryStepDefs.the_response_should_contain_the_message(java.lang.String)
]]></system-out>
  </testcase>
  <testcase name="runScenario[&quot;Negative - Add item with missing all fields&quot;, &quot;Inventory API&quot;](7)" classname="com.example.api.RunCucumberTestNG" time="0.045">
    <system-out><![CDATA[
Scenario: Negative - Add item with missing all fields                        # src/test/resources/features/inventory.feature:46
  When I send a POST request to "/api/inventory/add" with body               # com.example.api.InventoryStepDefs.i_send_a_post_request_to_with_body(java.lang.String,io.cucumber.datatable.DataTable)
    | name    |
    | [empty] |
  Then the response status code should be 400                                # com.example.api.InventoryStepDefs.the_response_status_code_should_be(java.lang.Integer)
  And the response should contain the message "Not all requirements are met" # com.example.api.InventoryStepDefs.the_response_should_contain_the_message(java.lang.String)
]]></system-out>
  </testcase>
</testsuite>