<?xml version="1.0" encoding="UTF-8"?>
<!-- Generated by org.testng.reporters.JUnitReportReporter -->
<testsuite hostname="RAKESHs-MacBook-Air.local" failures="1" tests="7" name="com.example.api.RunCucumberTestNG" time="3.738" errors="0" timestamp="2025-05-17T14:26:56 IST" skipped="0">
  <testcase classname="com.example.api.RunCucumberTestNG" name="runScenario" time="3.029"/>
  <testcase classname="com.example.api.RunCucumberTestNG" name="runScenario" time="0.051"/>
  <testcase classname="com.example.api.RunCucumberTestNG" name="runScenario" time="0.083"/>
  <testcase classname="com.example.api.RunCucumberTestNG" name="runScenario" time="0.443"/>
  <testcase classname="com.example.api.RunCucumberTestNG" name="runScenario" time="0.044"/>
  <testcase classname="com.example.api.RunCucumberTestNG" name="runScenario" time="0.043">
    <failure message="expected:&lt;404&gt; but was:&lt;400&gt;" type="java.lang.AssertionError">
      <![CDATA[java.lang.AssertionError: expected:<404> but was:<400>
at org.junit.Assert.fail(Assert.java:89)
at org.junit.Assert.failNotEquals(Assert.java:835)
at org.junit.Assert.assertEquals(Assert.java:647)
at org.junit.Assert.assertEquals(Assert.java:633)
at com.example.api.InventoryStepDefs.the_response_status_code_should_be(InventoryStepDefs.java:33)
at ✽.the response status code should be 404(file:///Users/rakeshkumarbarik/Downloads/home-test-api/restassured-bdd/src/test/resources/features/inventory.feature:43)
]]>
    </failure>
  </testcase> <!-- runScenario -->
  <testcase classname="com.example.api.RunCucumberTestNG" name="runScenario" time="0.045"/>
</testsuite> <!-- com.example.api.RunCucumberTestNG -->
